
================================================================================
Timestamp: 2026-06-14 13:57:04

Exception: Crash Handler Test

Traceback (most recent call last):
  File "E:\SJ\visualStudioCode\projects\game projects\MindWar Arena\main.py", line 16, in main
    launcher.start()
    ~~~~~~~~~~~~~~^^
  File "E:\SJ\visualStudioCode\projects\game projects\MindWar Arena\launcher.py", line 15, in start
    self.game_manager.initialize()
    ~~~~~~~~~~~~~~~~~~~~~~~~~~~~^^
  File "E:\SJ\visualStudioCode\projects\game projects\MindWar Arena\engine\game_manager.py", line 79, in initialize
    self.scene_manager.change_scene(
    ~~~~~~~~~~~~~~~~~~~~~~~~~~~~~~~^
        BootScene()
        ^^^^^^^^^^^
    )
    ^
  File "E:\SJ\visualStudioCode\projects\game projects\MindWar Arena\engine\core\scene_manager.py", line 18, in change_scene
    self.current_scene.enter()
    ~~~~~~~~~~~~~~~~~~~~~~~~^^
  File "E:\SJ\visualStudioCode\projects\game projects\MindWar Arena\game\scenes\boot_scene.py", line 23, in enter
    raise Exception(
        "Crash Handler Test"
    )
Exception: Crash Handler Test

